0 info it worked if it ends with ok
1 verbose cli [ '/usr/local/bin/node', '/usr/local/bin/npm', 'start' ]
2 info using npm@6.14.13
3 info using node@v14.17.3
4 verbose run-script [ 'prestart', 'start', 'poststart' ]
5 info lifecycle intro-javascript@0.1.0~prestart: intro-javascript@0.1.0
6 info lifecycle intro-javascript@0.1.0~start: intro-javascript@0.1.0
7 verbose lifecycle intro-javascript@0.1.0~start: unsafe-perm in lifecycle true
8 verbose lifecycle intro-javascript@0.1.0~start: PATH: /usr/local/lib/node_modules/npm/node_modules/npm-lifecycle/node-gyp-bin:/Users/jeisonpimentel/Desktop/React/02-intro-javascript/node_modules/.bin:the/path/you/copied/before/bin:/Library/Frameworks/Python.framework/Versions/3.9/bin:/usr/local/bin:/usr/bin:/bin:/usr/sbin:/sbin:/Applications/Postgres.app/Contents/Versions/latest/bin
9 verbose lifecycle intro-javascript@0.1.0~start: CWD: /Users/jeisonpimentel/Desktop/React/02-intro-javascript
10 silly lifecycle intro-javascript@0.1.0~start: Args: [ '-c', 'react-scripts start' ]
11 silly lifecycle intro-javascript@0.1.0~start: Returned: code: 1  signal: null
12 info lifecycle intro-javascript@0.1.0~start: Failed to exec start script
13 verbose stack Error: intro-javascript@0.1.0 start: `react-scripts start`
13 verbose stack Exit status 1
13 verbose stack     at EventEmitter.<anonymous> (/usr/local/lib/node_modules/npm/node_modules/npm-lifecycle/index.js:332:16)
13 verbose stack     at EventEmitter.emit (events.js:375:28)
13 verbose stack     at ChildProcess.<anonymous> (/usr/local/lib/node_modules/npm/node_modules/npm-lifecycle/lib/spawn.js:55:14)
13 verbose stack     at ChildProcess.emit (events.js:375:28)
13 verbose stack     at maybeClose (internal/child_process.js:1055:16)
13 verbose stack     at Process.ChildProcess._handle.onexit (internal/child_process.js:288:5)
14 verbose pkgid intro-javascript@0.1.0
15 verbose cwd /Users/jeisonpimentel/Desktop/React/02-intro-javascript
16 verbose Darwin 21.3.0
17 verbose argv "/usr/local/bin/node" "/usr/local/bin/npm" "start"
18 verbose node v14.17.3
19 verbose npm  v6.14.13
20 error code ELIFECYCLE
21 error errno 1
22 error intro-javascript@0.1.0 start: `react-scripts start`
22 error Exit status 1
23 error Failed at the intro-javascript@0.1.0 start script.
23 error This is probably not a problem with npm. There is likely additional logging output above.
24 verbose exit [ 1, true ]
